# JRE version: Java(TM) SE Runtime Environment (8.0_241-b07) (build 1.8.0_241-b07)
# Java VM: Java HotSpot(TM) 64-Bit Server VM (25.241-b07 mixed mode windows-amd64 compressed oops)
Heap:
 PSYoungGen      total 70656K, used 23397K [0x00000000d6700000, 0x00000000df100000, 0x0000000100000000)
  eden space 65536K, 29% used [0x00000000d6700000,0x00000000d7a252b8,0x00000000da700000)
  from space 5120K, 74% used [0x00000000da700000,0x00000000daab43e8,0x00000000dac00000)
  to   space 5120K, 0% used [0x00000000dec00000,0x00000000dec00000,0x00000000df100000)
 ParOldGen       total 86016K, used 2254K [0x0000000083400000, 0x0000000088800000, 0x00000000d6700000)
  object space 86016K, 2% used [0x0000000083400000,0x00000000836338f8,0x0000000088800000)
 Metaspace       used 16919K, capacity 17748K, committed 18048K, reserved 1064960K
  class space    used 1948K, capacity 2139K, committed 2176K, reserved 1048576K
GC Heap History (10 events):
Event: 1.624 GC heap before
{Heap before GC invocations=3 (full 0):
 PSYoungGen      total 37888K, used 35979K [0x00000000d6700000, 0x00000000d9100000, 0x0000000100000000)
  eden space 32768K, 100% used [0x00000000d6700000,0x00000000d8700000,0x00000000d8700000)
  from space 5120K, 62% used [0x00000000d8c00000,0x00000000d8f22c80,0x00000000d9100000)
  to   space 5120K, 0% used [0x00000000d8700000,0x00000000d8700000,0x00000000d8c00000)
 ParOldGen       total 86016K, used 16K [0x0000000083400000, 0x0000000088800000, 0x00000000d6700000)
  object space 86016K, 0% used [0x0000000083400000,0x0000000083404000,0x0000000088800000)
 Metaspace       used 9966K, capacity 10318K, committed 10496K, reserved 1058816K
  class space    used 1137K, capacity 1251K, committed 1280K, reserved 1048576K
Event: 1.629 GC heap after
Heap after GC invocations=3 (full 0):
 PSYoungGen      total 37888K, used 3498K [0x00000000d6700000, 0x00000000d9100000, 0x0000000100000000)
  eden space 32768K, 0% used [0x00000000d6700000,0x00000000d6700000,0x00000000d8700000)
  from space 5120K, 68% used [0x00000000d8700000,0x00000000d8a6aaa0,0x00000000d8c00000)
  to   space 5120K, 0% used [0x00000000d8c00000,0x00000000d8c00000,0x00000000d9100000)
 ParOldGen       total 86016K, used 24K [0x0000000083400000, 0x0000000088800000, 0x00000000d6700000)
  object space 86016K, 0% used [0x0000000083400000,0x0000000083406000,0x0000000088800000)
 Metaspace       used 9966K, capacity 10318K, committed 10496K, reserved 1058816K
  class space    used 1137K, capacity 1251K, committed 1280K, reserved 1048576K
}
Event: 1.937 GC heap before
{Heap before GC invocations=4 (full 0):
 PSYoungGen      total 37888K, used 36266K [0x00000000d6700000, 0x00000000d9100000, 0x0000000100000000)
  eden space 32768K, 100% used [0x00000000d6700000,0x00000000d8700000,0x00000000d8700000)
  from space 5120K, 68% used [0x00000000d8700000,0x00000000d8a6aaa0,0x00000000d8c00000)
  to   space 5120K, 0% used [0x00000000d8c00000,0x00000000d8c00000,0x00000000d9100000)
 ParOldGen       total 86016K, used 24K [0x0000000083400000, 0x0000000088800000, 0x00000000d6700000)
  object space 86016K, 0% used [0x0000000083400000,0x0000000083406000,0x0000000088800000)
 Metaspace       used 11375K, capacity 11756K, committed 12032K, reserved 1060864K
  class space    used 1307K, capacity 1452K, committed 1536K, reserved 1048576K
Event: 1.942 GC heap after
Heap after GC invocations=4 (full 0):
 PSYoungGen      total 37888K, used 3767K [0x00000000d6700000, 0x00000000d9100000, 0x0000000100000000)
  eden space 32768K, 0% used [0x00000000d6700000,0x00000000d6700000,0x00000000d8700000)
  from space 5120K, 73% used [0x00000000d8c00000,0x00000000d8fadd00,0x00000000d9100000)
  to   space 5120K, 0% used [0x00000000d8700000,0x00000000d8700000,0x00000000d8c00000)
 ParOldGen       total 86016K, used 32K [0x0000000083400000, 0x0000000088800000, 0x00000000d6700000)
  object space 86016K, 0% used [0x0000000083400000,0x0000000083408000,0x0000000088800000)
 Metaspace       used 11375K, capacity 11756K, committed 12032K, reserved 1060864K
  class space    used 1307K, capacity 1452K, committed 1536K, reserved 1048576K
}
Event: 2.331 GC heap before
{Heap before GC invocations=5 (full 0):
 PSYoungGen      total 37888K, used 36535K [0x00000000d6700000, 0x00000000d9100000, 0x0000000100000000)
  eden space 32768K, 100% used [0x00000000d6700000,0x00000000d8700000,0x00000000d8700000)
  from space 5120K, 73% used [0x00000000d8c00000,0x00000000d8fadd00,0x00000000d9100000)
  to   space 5120K, 0% used [0x00000000d8700000,0x00000000d8700000,0x00000000d8c00000)
 ParOldGen       total 86016K, used 32K [0x0000000083400000, 0x0000000088800000, 0x00000000d6700000)
  object space 86016K, 0% used [0x0000000083400000,0x0000000083408000,0x0000000088800000)
 Metaspace       used 12464K, capacity 12908K, committed 13184K, reserved 1060864K
  class space    used 1424K, capacity 1552K, committed 1664K, reserved 1048576K
Event: 2.340 GC heap after
Heap after GC invocations=5 (full 0):
 PSYoungGen      total 37888K, used 4345K [0x00000000d6700000, 0x00000000db100000, 0x0000000100000000)
  eden space 32768K, 0% used [0x00000000d6700000,0x00000000d6700000,0x00000000d8700000)
  from space 5120K, 84% used [0x00000000d8700000,0x00000000d8b3e6e0,0x00000000d8c00000)
  to   space 5120K, 0% used [0x00000000dac00000,0x00000000dac00000,0x00000000db100000)
 ParOldGen       total 86016K, used 40K [0x0000000083400000, 0x0000000088800000, 0x00000000d6700000)
  object space 86016K, 0% used [0x0000000083400000,0x000000008340a000,0x0000000088800000)
 Metaspace       used 12464K, capacity 12908K, committed 13184K, reserved 1060864K
  class space    used 1424K, capacity 1552K, committed 1664K, reserved 1048576K
}
Event: 2.717 GC heap before
{Heap before GC invocations=6 (full 0):
 PSYoungGen      total 37888K, used 37113K [0x00000000d6700000, 0x00000000db100000, 0x0000000100000000)
  eden space 32768K, 100% used [0x00000000d6700000,0x00000000d8700000,0x00000000d8700000)
  from space 5120K, 84% used [0x00000000d8700000,0x00000000d8b3e6e0,0x00000000d8c00000)
  to   space 5120K, 0% used [0x00000000dac00000,0x00000000dac00000,0x00000000db100000)
 ParOldGen       total 86016K, used 40K [0x0000000083400000, 0x0000000088800000, 0x00000000d6700000)
  object space 86016K, 0% used [0x0000000083400000,0x000000008340a000,0x0000000088800000)
 Metaspace       used 13704K, capacity 14206K, committed 14336K, reserved 1062912K
  class space    used 1565K, capacity 1711K, committed 1792K, reserved 1048576K
Event: 2.723 GC heap after
Heap after GC invocations=6 (full 0):
 PSYoungGen      total 70656K, used 4373K [0x00000000d6700000, 0x00000000db100000, 0x0000000100000000)
  eden space 65536K, 0% used [0x00000000d6700000,0x00000000d6700000,0x00000000da700000)
  from space 5120K, 85% used [0x00000000dac00000,0x00000000db045438,0x00000000db100000)
  to   space 5120K, 0% used [0x00000000da700000,0x00000000da700000,0x00000000dac00000)
 ParOldGen       total 86016K, used 48K [0x0000000083400000, 0x0000000088800000, 0x00000000d6700000)
  object space 86016K, 0% used [0x0000000083400000,0x000000008340c000,0x0000000088800000)
 Metaspace       used 13704K, capacity 14206K, committed 14336K, reserved 1062912K
  class space    used 1565K, capacity 1711K, committed 1792K, reserved 1048576K
}
Event: 3.508 GC heap before
{Heap before GC invocations=7 (full 0):
 PSYoungGen      total 70656K, used 69909K [0x00000000d6700000, 0x00000000db100000, 0x0000000100000000)
  eden space 65536K, 100% used [0x00000000d6700000,0x00000000da700000,0x00000000da700000)
  from space 5120K, 85% used [0x00000000dac00000,0x00000000db045438,0x00000000db100000)
  to   space 5120K, 0% used [0x00000000da700000,0x00000000da700000,0x00000000dac00000)
 ParOldGen       total 86016K, used 48K [0x0000000083400000, 0x0000000088800000, 0x00000000d6700000)
  object space 86016K, 0% used [0x0000000083400000,0x000000008340c000,0x0000000088800000)
 Metaspace       used 16235K, capacity 17052K, committed 17152K, reserved 1064960K
  class space    used 1871K, capacity 2037K, committed 2048K, reserved 1048576K
Event: 3.516 GC heap after
Heap after GC invocations=7 (full 0):
 PSYoungGen      total 70656K, used 3792K [0x00000000d6700000, 0x00000000df100000, 0x0000000100000000)
  eden space 65536K, 0% used [0x00000000d6700000,0x00000000d6700000,0x00000000da700000)
  from space 5120K, 74% used [0x00000000da700000,0x00000000daab43e8,0x00000000dac00000)
  to   space 5120K, 0% used [0x00000000dec00000,0x00000000dec00000,0x00000000df100000)
 ParOldGen       total 86016K, used 2254K [0x0000000083400000, 0x0000000088800000, 0x00000000d6700000)
  object space 86016K, 2% used [0x0000000083400000,0x00000000836338f8,0x0000000088800000)
 Metaspace       used 16235K, capacity 17052K, committed 17152K, reserved 1064960K
  class space    used 1871K, capacity 2037K, committed 2048K, reserved 1048576K
}

