# JRE version: Java(TM) SE Runtime Environment (8.0_241-b07) (build 1.8.0_241-b07)
# Java VM: Java HotSpot(TM) 64-Bit Server VM (25.241-b07 mixed mode windows-amd64 compressed oops)
Heap:
 PSYoungGen      total 345088K, used 218707K [0x00000000d6700000, 0x00000000f1c80000, 0x0000000100000000)
  eden space 312832K, 61% used [0x00000000d6700000,0x00000000e22d2710,0x00000000e9880000)
  from space 32256K, 81% used [0x00000000e9880000,0x00000000eb242888,0x00000000eb800000)
  to   space 34816K, 0% used [0x00000000efa80000,0x00000000efa80000,0x00000000f1c80000)
 ParOldGen       total 153088K, used 57958K [0x0000000083400000, 0x000000008c980000, 0x00000000d6700000)
  object space 153088K, 37% used [0x0000000083400000,0x0000000086c999f0,0x000000008c980000)
 Metaspace       used 39224K, capacity 40364K, committed 40448K, reserved 1085440K
  class space    used 4529K, capacity 4855K, committed 4864K, reserved 1048576K
GC Heap History (10 events):
Event: 9.750 GC heap before
{Heap before GC invocations=9 (full 1):
 PSYoungGen      total 274944K, used 18577K [0x00000000d6700000, 0x00000000e8e00000, 0x0000000100000000)
  eden space 255488K, 0% used [0x00000000d6700000,0x00000000d6700000,0x00000000e6080000)
  from space 19456K, 95% used [0x00000000e7600000,0x00000000e8824450,0x00000000e8900000)
  to   space 22016K, 0% used [0x00000000e6080000,0x00000000e6080000,0x00000000e7600000)
 ParOldGen       total 86016K, used 21497K [0x0000000083400000, 0x0000000088800000, 0x00000000d6700000)
  object space 86016K, 24% used [0x0000000083400000,0x00000000848fe498,0x0000000088800000)
 Metaspace       used 20648K, capacity 21132K, committed 21248K, reserved 1069056K
  class space    used 2403K, capacity 2554K, committed 2560K, reserved 1048576K
Event: 9.917 GC heap after
Heap after GC invocations=9 (full 1):
 PSYoungGen      total 274944K, used 0K [0x00000000d6700000, 0x00000000e8e00000, 0x0000000100000000)
  eden space 255488K, 0% used [0x00000000d6700000,0x00000000d6700000,0x00000000e6080000)
  from space 19456K, 0% used [0x00000000e7600000,0x00000000e7600000,0x00000000e8900000)
  to   space 22016K, 0% used [0x00000000e6080000,0x00000000e6080000,0x00000000e7600000)
 ParOldGen       total 95232K, used 34665K [0x0000000083400000, 0x0000000089100000, 0x00000000d6700000)
  object space 95232K, 36% used [0x0000000083400000,0x00000000855da4e8,0x0000000089100000)
 Metaspace       used 20648K, capacity 21132K, committed 21248K, reserved 1069056K
  class space    used 2403K, capacity 2554K, committed 2560K, reserved 1048576K
}
Event: 15.130 GC heap before
{Heap before GC invocations=10 (full 1):
 PSYoungGen      total 274944K, used 255488K [0x00000000d6700000, 0x00000000e8e00000, 0x0000000100000000)
  eden space 255488K, 100% used [0x00000000d6700000,0x00000000e6080000,0x00000000e6080000)
  from space 19456K, 0% used [0x00000000e7600000,0x00000000e7600000,0x00000000e8900000)
  to   space 22016K, 0% used [0x00000000e6080000,0x00000000e6080000,0x00000000e7600000)
 ParOldGen       total 95232K, used 34665K [0x0000000083400000, 0x0000000089100000, 0x00000000d6700000)
  object space 95232K, 36% used [0x0000000083400000,0x00000000855da4e8,0x0000000089100000)
 Metaspace       used 33110K, capacity 33818K, committed 34048K, reserved 1079296K
  class space    used 3879K, capacity 4067K, committed 4096K, reserved 1048576K
Event: 15.164 GC heap after
Heap after GC invocations=10 (full 1):
 PSYoungGen      total 277504K, used 22007K [0x00000000d6700000, 0x00000000ed500000, 0x0000000100000000)
  eden space 255488K, 0% used [0x00000000d6700000,0x00000000d6700000,0x00000000e6080000)
  from space 22016K, 99% used [0x00000000e6080000,0x00000000e75fde20,0x00000000e7600000)
  to   space 29696K, 0% used [0x00000000eb800000,0x00000000eb800000,0x00000000ed500000)
 ParOldGen       total 95232K, used 45952K [0x0000000083400000, 0x0000000089100000, 0x00000000d6700000)
  object space 95232K, 48% used [0x0000000083400000,0x00000000860e03f0,0x0000000089100000)
 Metaspace       used 33110K, capacity 33818K, committed 34048K, reserved 1079296K
  class space    used 3879K, capacity 4067K, committed 4096K, reserved 1048576K
}
Event: 16.396 GC heap before
{Heap before GC invocations=11 (full 1):
 PSYoungGen      total 277504K, used 89803K [0x00000000d6700000, 0x00000000ed500000, 0x0000000100000000)
  eden space 255488K, 26% used [0x00000000d6700000,0x00000000da934e28,0x00000000e6080000)
  from space 22016K, 99% used [0x00000000e6080000,0x00000000e75fde20,0x00000000e7600000)
  to   space 29696K, 0% used [0x00000000eb800000,0x00000000eb800000,0x00000000ed500000)
 ParOldGen       total 95232K, used 45952K [0x0000000083400000, 0x0000000089100000, 0x00000000d6700000)
  object space 95232K, 48% used [0x0000000083400000,0x00000000860e03f0,0x0000000089100000)
 Metaspace       used 34463K, capacity 35214K, committed 35416K, reserved 1081344K
  class space    used 4032K, capacity 4234K, committed 4352K, reserved 1048576K
Event: 16.417 GC heap after
Heap after GC invocations=11 (full 1):
 PSYoungGen      total 342528K, used 23998K [0x00000000d6700000, 0x00000000ede80000, 0x0000000100000000)
  eden space 312832K, 0% used [0x00000000d6700000,0x00000000d6700000,0x00000000e9880000)
  from space 29696K, 80% used [0x00000000eb800000,0x00000000ecf6fa60,0x00000000ed500000)
  to   space 32256K, 0% used [0x00000000e9880000,0x00000000e9880000,0x00000000eb800000)
 ParOldGen       total 95232K, used 45960K [0x0000000083400000, 0x0000000089100000, 0x00000000d6700000)
  object space 95232K, 48% used [0x0000000083400000,0x00000000860e23f0,0x0000000089100000)
 Metaspace       used 34463K, capacity 35214K, committed 35416K, reserved 1081344K
  class space    used 4032K, capacity 4234K, committed 4352K, reserved 1048576K
}
Event: 16.417 GC heap before
{Heap before GC invocations=12 (full 2):
 PSYoungGen      total 342528K, used 23998K [0x00000000d6700000, 0x00000000ede80000, 0x0000000100000000)
  eden space 312832K, 0% used [0x00000000d6700000,0x00000000d6700000,0x00000000e9880000)
  from space 29696K, 80% used [0x00000000eb800000,0x00000000ecf6fa60,0x00000000ed500000)
  to   space 32256K, 0% used [0x00000000e9880000,0x00000000e9880000,0x00000000eb800000)
 ParOldGen       total 95232K, used 45960K [0x0000000083400000, 0x0000000089100000, 0x00000000d6700000)
  object space 95232K, 48% used [0x0000000083400000,0x00000000860e23f0,0x0000000089100000)
 Metaspace       used 34463K, capacity 35214K, committed 35416K, reserved 1081344K
  class space    used 4032K, capacity 4234K, committed 4352K, reserved 1048576K
Event: 16.553 GC heap after
Heap after GC invocations=12 (full 2):
 PSYoungGen      total 342528K, used 0K [0x00000000d6700000, 0x00000000ede80000, 0x0000000100000000)
  eden space 312832K, 0% used [0x00000000d6700000,0x00000000d6700000,0x00000000e9880000)
  from space 29696K, 0% used [0x00000000eb800000,0x00000000eb800000,0x00000000ed500000)
  to   space 32256K, 0% used [0x00000000e9880000,0x00000000e9880000,0x00000000eb800000)
 ParOldGen       total 153088K, used 57950K [0x0000000083400000, 0x000000008c980000, 0x00000000d6700000)
  object space 153088K, 37% used [0x0000000083400000,0x0000000086c979f0,0x000000008c980000)
 Metaspace       used 34456K, capacity 35204K, committed 35416K, reserved 1081344K
  class space    used 4031K, capacity 4232K, committed 4352K, reserved 1048576K
}
Event: 22.537 GC heap before
{Heap before GC invocations=13 (full 2):
 PSYoungGen      total 342528K, used 312832K [0x00000000d6700000, 0x00000000ede80000, 0x0000000100000000)
  eden space 312832K, 100% used [0x00000000d6700000,0x00000000e9880000,0x00000000e9880000)
  from space 29696K, 0% used [0x00000000eb800000,0x00000000eb800000,0x00000000ed500000)
  to   space 32256K, 0% used [0x00000000e9880000,0x00000000e9880000,0x00000000eb800000)
 ParOldGen       total 153088K, used 57950K [0x0000000083400000, 0x000000008c980000, 0x00000000d6700000)
  object space 153088K, 37% used [0x0000000083400000,0x0000000086c979f0,0x000000008c980000)
 Metaspace       used 36367K, capacity 37420K, committed 37504K, reserved 1083392K
  class space    used 4202K, capacity 4433K, committed 4480K, reserved 1048576K
Event: 22.557 GC heap after
Heap after GC invocations=13 (full 2):
 PSYoungGen      total 345088K, used 26378K [0x00000000d6700000, 0x00000000f1c80000, 0x0000000100000000)
  eden space 312832K, 0% used [0x00000000d6700000,0x00000000d6700000,0x00000000e9880000)
  from space 32256K, 81% used [0x00000000e9880000,0x00000000eb242888,0x00000000eb800000)
  to   space 34816K, 0% used [0x00000000efa80000,0x00000000efa80000,0x00000000f1c80000)
 ParOldGen       total 153088K, used 57958K [0x0000000083400000, 0x000000008c980000, 0x00000000d6700000)
  object space 153088K, 37% used [0x0000000083400000,0x0000000086c999f0,0x000000008c980000)
 Metaspace       used 36367K, capacity 37420K, committed 37504K, reserved 1083392K
  class space    used 4202K, capacity 4433K, committed 4480K, reserved 1048576K
}

