-------------------------------------------------------------------------------
Test set: com.perficient.service.UserAPIReadControllerTests
-------------------------------------------------------------------------------
Tests run: 2, Failures: 0, Errors: 2, Skipped: 0, Time elapsed: 0.968 s <<< FAILURE! - in com.perficient.service.UserAPIReadControllerTests
singleUserDoesNotExistReturnsNotFound  Time elapsed: 0.001 s  <<< ERROR!
java.lang.IllegalStateException: Failed to load ApplicationContext
Caused by: org.springframework.beans.factory.UnsatisfiedDependencyException: Error creating bean with name 'healthCheckController' defined in file [C:\Users\varshi\Downloads\user-service (1)\user-service\target\classes\com\perficient\service\HealthCheckController.class]: Unsatisfied dependency expressed through constructor parameter 3; nested exception is org.springframework.beans.factory.UnsatisfiedDependencyException: Error creating bean with name 'restTemplate' defined in com.perficient.service.SpringbootApplication: Unsatisfied dependency expressed through method 'restTemplate' parameter 0; nested exception is org.springframework.beans.factory.NoSuchBeanDefinitionException: No qualifying bean of type 'org.springframework.boot.web.client.RestTemplateBuilder' available: expected at least 1 bean which qualifies as autowire candidate. Dependency annotations: {}
Caused by: org.springframework.beans.factory.UnsatisfiedDependencyException: Error creating bean with name 'restTemplate' defined in com.perficient.service.SpringbootApplication: Unsatisfied dependency expressed through method 'restTemplate' parameter 0; nested exception is org.springframework.beans.factory.NoSuchBeanDefinitionException: No qualifying bean of type 'org.springframework.boot.web.client.RestTemplateBuilder' available: expected at least 1 bean which qualifies as autowire candidate. Dependency annotations: {}
Caused by: org.springframework.beans.factory.NoSuchBeanDefinitionException: No qualifying bean of type 'org.springframework.boot.web.client.RestTemplateBuilder' available: expected at least 1 bean which qualifies as autowire candidate. Dependency annotations: {}

singleUserReturnsOk  Time elapsed: 0 s  <<< ERROR!
java.lang.IllegalStateException: Failed to load ApplicationContext
Caused by: org.springframework.beans.factory.UnsatisfiedDependencyException: Error creating bean with name 'healthCheckController' defined in file [C:\Users\varshi\Downloads\user-service (1)\user-service\target\classes\com\perficient\service\HealthCheckController.class]: Unsatisfied dependency expressed through constructor parameter 3; nested exception is org.springframework.beans.factory.UnsatisfiedDependencyException: Error creating bean with name 'restTemplate' defined in com.perficient.service.SpringbootApplication: Unsatisfied dependency expressed through method 'restTemplate' parameter 0; nested exception is org.springframework.beans.factory.NoSuchBeanDefinitionException: No qualifying bean of type 'org.springframework.boot.web.client.RestTemplateBuilder' available: expected at least 1 bean which qualifies as autowire candidate. Dependency annotations: {}
Caused by: org.springframework.beans.factory.UnsatisfiedDependencyException: Error creating bean with name 'restTemplate' defined in com.perficient.service.SpringbootApplication: Unsatisfied dependency expressed through method 'restTemplate' parameter 0; nested exception is org.springframework.beans.factory.NoSuchBeanDefinitionException: No qualifying bean of type 'org.springframework.boot.web.client.RestTemplateBuilder' available: expected at least 1 bean which qualifies as autowire candidate. Dependency annotations: {}
Caused by: org.springframework.beans.factory.NoSuchBeanDefinitionException: No qualifying bean of type 'org.springframework.boot.web.client.RestTemplateBuilder' available: expected at least 1 bean which qualifies as autowire candidate. Dependency annotations: {}

